WhatDoILearn/app/build/intermediates/manifest_merge_blame_file/debug/manifest-merger-blame-debug-report.txt
1<?xml version="1.0" encoding="utf-8"?>
2<manifest xmlns:android="http://schemas.android.com/apk/res/android"
3    package="com.example.whatdoilearn"
4    android:versionCode="1"
5    android:versionName="1.0" >
6
7    <uses-sdk
8        android:minSdkVersion="21"
8-->src/main/AndroidManifest.xml
9        android:targetSdkVersion="30" />
9-->src/main/AndroidManifest.xml
10
11    <application
11-->src/main/AndroidManifest.xml:5:5-26:19
12        android:name="com.example.whatdoilearn.WhatDidILearnApplication"
12-->src/main/AndroidManifest.xml:6:9-49
13        android:allowBackup="true"
13-->src/main/AndroidManifest.xml:7:9-35
14        android:appComponentFactory="androidx.core.app.CoreComponentFactory"
14-->[androidx.core:core:1.5.0] AndroidManifest.xml:24:18-86
15        android:debuggable="true"
16        android:icon="@mipmap/ic_launcher"
16-->src/main/AndroidManifest.xml:8:9-43
17        android:label="@string/app_name"
17-->src/main/AndroidManifest.xml:9:9-41
18        android:roundIcon="@mipmap/ic_launcher_round"
18-->src/main/AndroidManifest.xml:10:9-54
19        android:supportsRtl="true"
19-->src/main/AndroidManifest.xml:11:9-35
20        android:testOnly="true"
21        android:theme="@style/Theme.WhatDoILearn" >
21-->src/main/AndroidManifest.xml:12:9-50
22        <activity android:name="com.example.whatdoilearn.AddNewItem" />
22-->src/main/AndroidManifest.xml:13:9-57
22-->src/main/AndroidManifest.xml:13:19-45
23        <activity android:name="com.example.whatdoilearn.LearnedItem" />
23-->src/main/AndroidManifest.xml:14:9-49
23-->src/main/AndroidManifest.xml:14:19-46
24        <activity android:name="com.example.whatdoilearn.MainActivity" >
24-->src/main/AndroidManifest.xml:15:9-21:20
24-->src/main/AndroidManifest.xml:15:19-47
25            <intent-filter>
25-->src/main/AndroidManifest.xml:16:13-20:29
26                <action android:name="android.intent.action.MAIN" />
26-->src/main/AndroidManifest.xml:17:17-69
26-->src/main/AndroidManifest.xml:17:25-66
27
28                <category android:name="android.intent.category.LAUNCHER" />
28-->src/main/AndroidManifest.xml:19:17-77
28-->src/main/AndroidManifest.xml:19:27-74
29            </intent-filter>
30        </activity>
31
32        <meta-data
32-->src/main/AndroidManifest.xml:23:9-25:57
33            android:name="preloaded_fonts"
33-->src/main/AndroidManifest.xml:24:13-43
34            android:resource="@array/preloaded_fonts" />
34-->src/main/AndroidManifest.xml:25:13-54
35
36        <service
36-->[androidx.room:room-runtime:2.2.5] AndroidManifest.xml:25:9-28:40
37            android:name="androidx.room.MultiInstanceInvalidationService"
37-->[androidx.room:room-runtime:2.2.5] AndroidManifest.xml:26:13-74
38            android:directBootAware="true"
38-->[androidx.room:room-runtime:2.2.5] AndroidManifest.xml:27:13-43
39            android:exported="false" />
39-->[androidx.room:room-runtime:2.2.5] AndroidManifest.xml:28:13-37
40    </application>
41
42</manifest>